build/app/outputs/mapping/release/seeds.txt
com.forumkeadilanapps.MainActivity
com.forumkeadilanapps.MainActivity: MainActivity()
...
com.google.android.gms.common.api.PendingResult: PendingResult()
com.pichillilorenzo.flutter_inappwebview.types.UserScriptInjectionTime: com.pichillilorenzo.flutter_inappwebview.types.UserScriptInjectionTime valueOf(java.lang.String)
io.flutter.embedding.engine.FlutterJNI: void onRenderingStopped()
androidx.appcompat.widget.AppCompatCheckedTextView: android.view.ActionMode$Callback getCustomSelectionActionModeCallback()
com.pichillilorenzo.flutter_inappwebview.types.HitTestResult: com.pichillilorenzo.flutter_inappwebview.types.HitTestResult fromWebViewHitTestResult(android.webkit.WebView$HitTestResult)
androidx.webkit.WebViewRenderProcessClient: void onRenderProcessUnresponsive(android.webkit.WebView,androidx.webkit.WebViewRenderProcess)
com.pichillilorenzo.flutter_inappwebview.in_app_webview.InAppWebViewChromeClient$9: InAppWebViewChromeClient$9(com.pichillilorenzo.flutter_inappwebview.in_app_webview.InAppWebViewChromeClient,android.widget.EditText,android.webkit.JsPromptResult,java.lang.String)
androidx.window.layout.SidecarWindowBackend$Companion: androidx.window.layout.ExtensionInterfaceCompat initAndVerifyExtension(android.content.Context)
androidx.window.embedding.EmbeddingCompat$Companion: EmbeddingCompat$Companion(kotlin.jvm.internal.DefaultConstructorMarker)
com.pichillilorenzo.flutter_inappwebview.types.InAppWebViewInterface: boolean pageUp(boolean)
com.pichillilorenzo.flutter_inappwebview.in_app_browser.InAppBrowserManager: java.lang.String getMimeType(java.lang.String)
androidx.core.view.ViewCompat$Api31Impl: androidx.core.view.ContentInfoCompat performReceiveContent(android.view.View,androidx.core.view.ContentInfoCompat)
com.pichillilorenzo.flutter_inappwebview.types.CustomTabsMenuItem: void setId(int)
androidx.webkit.internal.ApiHelperForM: void postWebMessage(android.webkit.WebView,android.webkit.WebMessage,android.net.Uri)
androidx.core.widget.ListViewCompat$Api19Impl: void scrollListBy(android.widget.ListView,int)
androidx.window.embedding.EmbeddingAdapter: boolean translateActivityIntentPredicates$lambda-3(androidx.window.embedding.EmbeddingAdapter,java.util.Set,android.util.Pair)
com.google.android.gms.internal.ads.zzasw: boolean onTransact(int,android.os.Parcel,android.os.Parcel,int)
androidx.appcompat.widget.ActionBarOverlayLayout: void setOverlayMode(boolean)
androidx.appcompat.widget.ActionBarOverlayLayout: int getNestedScrollAxes()
androidx.window.layout.SidecarWindowBackend: java.util.concurrent.locks.ReentrantLock access$getGlobalLock$cp()
com.pichillilorenzo.flutter_inappwebview.chrome_custom_tabs.ServiceConnection: ServiceConnection(com.pichillilorenzo.flutter_inappwebview.chrome_custom_tabs.ServiceConnectionCallback)
com.pichillilorenzo.flutter_inappwebview.credential_database.CredentialDatabase: void setHttpAuthCredential(java.lang.String,java.lang.String,java.lang.String,java.lang.Integer,java.lang.String,java.lang.String)
androidx.appcompat.widget.AppCompatTextViewAutoSizeHelper$Api18Impl: boolean isInLayout(android.view.View)
androidx.appcompat.widget.Toolbar: void setLogoDescription(java.lang.CharSequence)
androidx.activity.ComponentActivity: void onCreate(android.os.Bundle)
androidx.window.layout.HardwareFoldingFeature: androidx.window.layout.HardwareFoldingFeature$Type getType$window_release()
io.flutter.plugins.urllauncher.UrlLauncher$LaunchStatus: io.flutter.plugins.urllauncher.UrlLauncher$LaunchStatus[] values()
androidx.fragment.app.FragmentActivity: android.view.View onCreateView(java.lang.String,android.content.Context,android.util.AttributeSet)
androidx.appcompat.widget.AppCompatTextView: int getAutoSizeMaxTextSize()
com.pichillilorenzo.flutter_inappwebview.Util: java.io.InputStream getFileAsset(com.pichillilorenzo.flutter_inappwebview.InAppWebViewFlutterPlugin,java.lang.String)
com.pichillilorenzo.flutter_inappwebview.types.CustomTabsActionButton: void setId(int)
androidx.core.widget.NestedScrollView: int getMaxScrollAmount()
com.pichillilorenzo.flutter_inappwebview.R$id: R$id()