build/app/outputs/mapping/release/usage.txt
com.forumkeadilanapps.BuildConfig
com.forumkeadilanapps.R$anim
com.forumkeadilanapps.R$animator
com.forumkeadilanapps.R$attr
com.forumkeadilanapps.R$bool
com.forumkeadilanapps.R$color
com.forumkeadilanapps.R$dimen
com.forumkeadilanapps.R$drawable
com.forumkeadilanapps.R$id
com.forumkeadilanapps.R$integer
com.forumkeadilanapps.R$interpolator
com.forumkeadilanapps.R$layout
com.forumkeadilanapps.R$menu
com.forumkeadilanapps.R$mipmap
com.forumkeadilanapps.R$raw
com.forumkeadilanapps.R$string
com.forumkeadilanapps.R$style
com.forumkeadilanapps.R$styleable
com.forumkeadilanapps.R$xml
com.forumkeadilanapps.R
...
com.google.android.exoplayer2.ExoPlayer$AudioOffloadListener:
    public void onExperimentalOffloadSchedulingEnabledChanged(boolean)
com.google.android.exoplayer2.ExoPlayer$Builder:
    public void <init>(android.content.Context,com.google.android.exoplayer2.RenderersFactory)
    public void <init>(android.content.Context,com.google.android.exoplayer2.RenderersFactory,com.google.android.exoplayer2.source.MediaSource$Factory)
    public void <init>(android.content.Context,com.google.android.exoplayer2.RenderersFactory,com.google.android.exoplayer2.source.MediaSource$Factory,com.google.android.exoplayer2.trackselection.TrackSelector,com.google.android.exoplayer2.LoadControl,com.google.android.exoplayer2.upstream.BandwidthMeter,com.google.android.exoplayer2.analytics.AnalyticsCollector)
    public void <init>(android.content.Context,com.google.android.exoplayer2.source.MediaSource$Factory)
    com.google.android.exoplayer2.SimpleExoPlayer buildSimpleExoPlayer()
    public com.google.android.exoplayer2.ExoPlayer$Builder experimentalSetForegroundModeTimeoutMs(long)
    private static synthetic com.google.android.exoplayer2.trackselection.TrackSelector lambda$new$10(com.google.android.exoplayer2.trackselection.TrackSelector)
    private static synthetic com.google.android.exoplayer2.LoadControl lambda$new$11(com.google.android.exoplayer2.LoadControl)
    private static synthetic com.google.android.exoplayer2.upstream.BandwidthMeter lambda$new$12(com.google.android.exoplayer2.upstream.BandwidthMeter)
com.google.android.exoplayer2.ExoPlayer$DeviceComponent
com.google.android.exoplayer2.ExoPlayer$TextComponent
com.google.android.exoplayer2.ExoPlayer$VideoComponent
com.google.android.exoplayer2.ExoPlayer:
    public static final long DEFAULT_DETACH_SURFACE_TIMEOUT_MS
    public static final long DEFAULT_RELEASE_TIMEOUT_MS
    public abstract void addAnalyticsListener(com.google.android.exoplayer2.analytics.AnalyticsListener)
    public abstract void addAudioOffloadListener(com.google.android.exoplayer2.ExoPlayer$AudioOffloadListener)
    public abstract void addMediaSource(int,com.google.android.exoplayer2.source.MediaSource)
    public abstract void addMediaSource(com.google.android.exoplayer2.source.MediaSource)
    public abstract void addMediaSources(int,java.util.List)
    public abstract void addMediaSources(java.util.List)
    public abstract void clearAuxEffectInfo()
    public abstract void clearCameraMotionListener(com.google.android.exoplayer2.video.spherical.CameraMotionListener)
    public abstract void clearVideoFrameMetadataListener(com.google.android.exoplayer2.video.VideoFrameMetadataListener)
    public abstract com.google.android.exoplayer2.PlayerMessage createMessage(com.google.android.exoplayer2.PlayerMessage$Target)
    public abstract boolean experimentalIsSleepingForOffload()
    public abstract void experimentalSetOffloadSchedulingEnabled(boolean)
    public abstract com.google.android.exoplayer2.analytics.AnalyticsCollector getAnalyticsCollector()
    public abstract com.google.android.exoplayer2.ExoPlayer$AudioComponent getAudioComponent()
com.google.android.exoplayer2.ExoPlayerImpl$Api31:
    private void <init>()
com.google.android.exoplayer2.ExoPlayerImpl$ComponentListener:
    public void onVideoSurfaceCreated(android.view.Surface)
com.google.android.exoplayer2.ExoPlayerImpl$FrameMetadataListener:
    public static final int MSG_SET_CAMERA_MOTION_LISTENER
    public static final int MSG_SET_SPHERICAL_SURFACE_VIEW
    public static final int MSG_SET_VIDEO_FRAME_METADATA_LISTENER